2015-10-28 18:06:40: successfully loaded yara_binary rules
2015-10-28 18:06:41,502 [lib.cuckoo.core.scheduler] INFO: Using "virtualbox" machine manager with max_analysis_count=0, max_machines_count=0, and max_vmstartup_count=10
2015-10-28 18:06:42,232 [lib.cuckoo.core.scheduler] INFO: Loaded 1 machine/s
2015-10-28 18:06:42,242 [lib.cuckoo.core.scheduler] INFO: Waiting for analysis tasks.
2015-10-28 18:07:52: successfully loaded yara_binary rules
2015-10-28 18:07:52,642 [lib.cuckoo.core.scheduler] INFO: Using "virtualbox" machine manager with max_analysis_count=0, max_machines_count=0, and max_vmstartup_count=10
2015-10-28 18:07:53,260 [lib.cuckoo.core.scheduler] INFO: Loaded 1 machine/s
2015-10-28 18:07:53,271 [lib.cuckoo.core.scheduler] INFO: Waiting for analysis tasks.
2015-10-28 23:15:47: successfully loaded yara_binary rules
2015-10-28 23:15:48,138 [lib.cuckoo.core.scheduler] INFO: Using "virtualbox" machine manager with max_analysis_count=0, max_machines_count=0, and max_vmstartup_count=10
2015-10-28 23:15:48,754 [lib.cuckoo.core.scheduler] INFO: Loaded 1 machine/s
2015-10-28 23:15:48,764 [lib.cuckoo.core.scheduler] INFO: Waiting for analysis tasks.
2015-10-28 23:16:09: successfully loaded yara_binary rules
2015-10-28 23:16:10,068 [lib.cuckoo.core.scheduler] INFO: Using "virtualbox" machine manager with max_analysis_count=0, max_machines_count=0, and max_vmstartup_count=10
2015-10-28 23:16:10,796 [lib.cuckoo.core.scheduler] INFO: Loaded 1 machine/s
2015-10-28 23:16:10,805 [lib.cuckoo.core.scheduler] INFO: Waiting for analysis tasks.
2015-10-28 23:16:29: successfully loaded yara_binary rules
2015-10-28 23:16:29,834 [lib.cuckoo.core.scheduler] INFO: Using "virtualbox" machine manager with max_analysis_count=0, max_machines_count=0, and max_vmstartup_count=10
2015-10-28 23:16:30,565 [lib.cuckoo.core.scheduler] INFO: Loaded 1 machine/s
2015-10-28 23:16:30,577 [lib.cuckoo.core.scheduler] INFO: Waiting for analysis tasks.
2015-10-28 23:17:08: successfully loaded yara_binary rules
2015-10-28 23:17:09,025 [lib.cuckoo.core.scheduler] INFO: Using "virtualbox" machine manager with max_analysis_count=0, max_machines_count=0, and max_vmstartup_count=10
2015-10-28 23:17:09,635 [lib.cuckoo.core.scheduler] INFO: Loaded 1 machine/s
2015-10-28 23:17:09,647 [lib.cuckoo.core.scheduler] INFO: Waiting for analysis tasks.
2015-10-28 23:17:19: successfully loaded yara_binary rules
2015-10-28 23:17:20,300 [lib.cuckoo.core.scheduler] INFO: Using "virtualbox" machine manager with max_analysis_count=0, max_machines_count=0, and max_vmstartup_count=10
2015-10-28 23:17:21,015 [lib.cuckoo.core.scheduler] INFO: Loaded 1 machine/s
2015-10-28 23:17:21,024 [lib.cuckoo.core.scheduler] INFO: Waiting for analysis tasks.
2015-10-28 23:28:07: successfully loaded yara_binary rules
2015-10-28 23:28:08,530 [lib.cuckoo.core.scheduler] INFO: Using "virtualbox" machine manager with max_analysis_count=0, max_machines_count=0, and max_vmstartup_count=10
2015-10-28 23:28:09,272 [lib.cuckoo.core.scheduler] INFO: Loaded 1 machine/s
2015-10-28 23:28:09,282 [lib.cuckoo.core.scheduler] INFO: Waiting for analysis tasks.
2015-10-28 23:33:35: successfully loaded yara binary/memory rules
2015-10-28 23:33:36,141 [lib.cuckoo.core.scheduler] INFO: Using "virtualbox" machine manager with max_analysis_count=0, max_machines_count=0, and max_vmstartup_count=10
2015-10-28 23:33:36,747 [lib.cuckoo.core.scheduler] INFO: Loaded 1 machine/s
2015-10-28 23:33:36,757 [lib.cuckoo.core.scheduler] INFO: Waiting for analysis tasks.
2015-10-29 00:01:59: successfully loaded yara binary/memory rules
2015-10-29 00:02:00,431 [lib.cuckoo.core.scheduler] INFO: Using "virtualbox" machine manager with max_analysis_count=0, max_machines_count=0, and max_vmstartup_count=10
2015-10-29 00:02:01,164 [lib.cuckoo.core.scheduler] INFO: Loaded 1 machine/s
2015-10-29 00:02:01,175 [lib.cuckoo.core.scheduler] INFO: Waiting for analysis tasks.
